<?xml version="1.0" encoding="UTF-8"?>
<testsuite xmlns:xsi="http://www.w3.org/2001/XMLSchema-instance" xsi:noNamespaceSchemaLocation="https://maven.apache.org/surefire/maven-surefire-plugin/xsd/surefire-test-report-3.0.xsd" version="3.0" name="com.syf.ImageManager.controller.UserControllerTest" time="2.039" tests="2" errors="0" skipped="0" failures="0">
  <properties>
[...]
</properties>
  <testcase name="testGetAllUsers" classname="com.syf.ImageManager.controller.UserControllerTest" time="1.942"/>
  <testcase name="testRegisterUser" classname="com.syf.ImageManager.controller.UserControllerTest" time="0.042"/>
</testsuite>